
{
	gl.supports_vertex_array_object: true
	cocos2d.x.version: Quick-Cocos2dx-Community 3.6.3 Beta
	gl.vendor: Intel Inc.
	gl.supports_PVRTC: false
	gl.renderer: Intel Iris OpenGL Engine
	cocos2d.x.compiled_with_profiler: false
	gl.max_texture_size: 16384
	gl.supports_ETC1: false
	gl.supports_BGRA8888: false
	cocos2d.x.build_type: RELEASE
	gl.supports_discard_framebuffer: false
	gl.supports_NPOT: true
	gl.supports_S3TC: true
	gl.version: 2.1 INTEL-10.14.58
	gl.supports_ATITC: false
	gl.max_texture_units: 16
	cocos2d.x.compiled_with_gl_state_cache: true
}


Quick-Cocos2dx-Community C++ support ready.
------------------------------------------------
LOAD LUA FILE: /Users/moqikaka/Desktop/ShootColor/shootcolor/src/main.lua
------------------------------------------------
[LUA-print] ===========================================================
[LUA-print]               LOAD QUICK FRAMEWORK
[LUA-print] ===========================================================
[LUA-print] [INFO] 
[LUA-print] [INFO] # DEBUG                        = 1
[LUA-print] [INFO] #
[LUA-print] [INFO] # device.platform              = mac
[LUA-print] [INFO] # device.model                 = unknown
[LUA-print] [INFO] # device.language              = cn
[LUA-print] [INFO] # device.writablePath          = /Users/moqikaka/Desktop/ShootColor/shootcolor/
[LUA-print] [INFO] # device.directorySeparator    = /
[LUA-print] [INFO] # device.pathSeparator         = :
[LUA-print] [INFO] #
libpng warning: iCCP: known incorrect sRGB profile
[LUA-print] [INFO] # CONFIG_SCREEN_AUTOSCALE      = FIXED_HEIGHT
[LUA-print] [INFO] # CONFIG_SCREEN_WIDTH          = 960.00
[LUA-print] [INFO] # CONFIG_SCREEN_HEIGHT         = 640.00
[LUA-print] [INFO] # display.widthInPixels        = 960.00
[LUA-print] [INFO] # display.heightInPixels       = 640.00
[LUA-print] [INFO] # display.contentScaleFactor   = 1.00
[LUA-print] [INFO] # display.width                = 960.00
[LUA-print] [INFO] # display.height               = 640.00
[LUA-print] [INFO] # display.cx                   = 480.00
[LUA-print] [INFO] # display.cy                   = 320.00
[LUA-print] [INFO] # display.left                 = 0.00
[LUA-print] [INFO] # display.right                = 960.00
[LUA-print] [INFO] # display.top                  = 640.00
[LUA-print] [INFO] # display.bottom               = 0.00
[LUA-print] [INFO] # display.c_left               = -480.00
[LUA-print] [INFO] # display.c_right              = 480.00
[LUA-print] [INFO] # display.c_top                = 320.00
[LUA-print] [INFO] # display.c_bottom             = -320.00
[LUA-print] [INFO] #
libpng warning: iCCP: known incorrect sRGB profile
libpng warning: iCCP: known incorrect sRGB profile
libpng warning: iCCP: known incorrect sRGB profile
libpng warning: iCCP: known incorrect sRGB profile
libpng warning: iCCP: known incorrect sRGB profile
libpng warning: iCCP: known incorrect sRGB profile
[LUA-print] ----------------------------------------
[LUA-print] LUA ERROR: [string "/Users/moqikaka/Desktop/ShootColor/shootcolor/src/app/common/NativeHelper.lua"]:51: attempt to index global 'luaj' (a nil value)

[LUA-print] 
stack traceback:
	[string "/Users/moqikaka/Desktop/ShootColor/shootcolor/src/app/common/NativeHelper.lua"]:51: in function 'hideBanner'
	[string "/Users/moqikaka/Desktop/ShootColor/shootcolor/src/app/scenes/MainScene.lua"]:70: in function 'onEnter'
	[string "framework/cocos2dx/NodeEx.lua"]:143: in function 'listener_'
	[string "framework/cocos2dx/NodeEx.lua"]:428: in function 'EventDispatcher'
	[string "framework/cocos2dx/NodeEx.lua"]:271: in function <[string "framework/cocos2dx/NodeEx.lua"]:270>
[LUA-print] ----------------------------------------
libpng warning: iCCP: known incorrect sRGB profile
[LUA-print] startBtnClick
libpng warning: iCCP: known incorrect sRGB profile
libpng warning: iCCP: known incorrect sRGB profile
libpng warning: iCCP: known incorrect sRGB profile
libpng warning: iCCP: known incorrect sRGB profile
[LUA-print] ----------------------------------------
[LUA-print] LUA ERROR: [string "/Users/moqikaka/Desktop/ShootColor/shootcolor/src/app/common/NativeHelper.lua"]:65: attempt to index global 'luaj' (a nil value)

[LUA-print] 
stack traceback:
	[string "/Users/moqikaka/Desktop/ShootColor/shootcolor/src/app/common/NativeHelper.lua"]:65: in function 'showInterstitialAd'
	[string "/Users/moqikaka/Desktop/ShootColor/shootcolor/src/app/scenes/MainScene.lua"]:61: in function <[string "/Users/moqikaka/Desktop/ShootColor/shootcolor/src/app/scenes/MainScene.lua"]:56>
	[string "framework/cc/components/behavior/EventProtocol.lua"]:59: in function 'dispatchEvent'
	[string "framework/cc/ui/UIPushButton.lua"]:124: in function 'listener_'
	[string "framework/cocos2dx/NodeEx.lua"]:428: in function <[string "framework/cocos2dx/NodeEx.lua"]:382>
[LUA-print] ----------------------------------------
[LUA-print] ----------------------------------------
[LUA-print] LUA ERROR: [string "/Users/moqikaka/Desktop/ShootColor/shootcolor/src/app/common/NativeHelper.lua"]:37: attempt to index global 'luaj' (a nil value)

[LUA-print] 
stack traceback:
	[string "/Users/moqikaka/Desktop/ShootColor/shootcolor/src/app/common/NativeHelper.lua"]:37: in function 'showBanner'
	[string "/Users/moqikaka/Desktop/ShootColor/shootcolor/src/app/scenes/SelectModeScene.lua"]:39: in function 'onEnter'
	[string "framework/cocos2dx/NodeEx.lua"]:143: in function 'listener_'
	[string "framework/cocos2dx/NodeEx.lua"]:428: in function 'EventDispatcher'
	[string "framework/cocos2dx/NodeEx.lua"]:271: in function <[string "framework/cocos2dx/NodeEx.lua"]:270>
[LUA-print] ----------------------------------------
